<?xml version="1.0" encoding="UTF-8"?>
<!-- Generated by org.testng.reporters.JUnitReportReporter -->
<testsuite skipped="0" hostname="DESKTOP-C6SMDGT" name="basicAnnotations.TestNGClass2" tests="2" failures="0" timestamp="2020-08-10T12:29:18 IST" time="0.011" errors="0">
  <testcase name="test1" time="0.009" classname="basicAnnotations.TestNGClass2"/>
  <system-out/>
  <testcase name="test2" time="0.002" classname="basicAnnotations.TestNGClass2"/>
  <system-out/>
</testsuite> <!-- basicAnnotations.TestNGClass2 -->
