<?xml version="1.0" encoding="UTF-8"?>
<!-- Generated by org.testng.reporters.JUnitReportReporter -->
<testsuite skipped="0" hostname="DESKTOP-C6SMDGT" name="basicAnnotations.TestNGFirstClass" tests="3" failures="0" timestamp="2020-08-10T12:29:18 IST" time="0.015" errors="0">
  <testcase name="test2" time="0.005" classname="basicAnnotations.TestNGFirstClass"/>
  <system-out/>
  <testcase name="test1" time="0.004" classname="basicAnnotations.TestNGFirstClass"/>
  <system-out/>
  <testcase name="test3" time="0.006" classname="basicAnnotations.TestNGFirstClass"/>
  <system-out/>
</testsuite> <!-- basicAnnotations.TestNGFirstClass -->
