<?xml version="1.0" encoding="UTF-8"?>
<!-- Generated by org.testng.reporters.JUnitReportReporter -->
<testsuite skipped="0" hostname="DESKTOP-C6SMDGT" name="basicAnnotations.TestNGClass4" tests="2" failures="0" timestamp="2020-08-10T12:29:18 IST" time="0.005" errors="0">
  <testcase name="test2" time="0.002" classname="basicAnnotations.TestNGClass4"/>
  <system-out/>
  <testcase name="test1" time="0.003" classname="basicAnnotations.TestNGClass4"/>
  <system-out/>
</testsuite> <!-- basicAnnotations.TestNGClass4 -->
