<?xml version="1.0" encoding="UTF-8"?>
<!-- Generated by org.testng.reporters.JUnitReportReporter -->
<testsuite skipped="0" hostname="DESKTOP-C6SMDGT" name="testScripts.HomePage.HomePage" tests="6" failures="0" timestamp="2020-08-15T08:58:45 IST" time="5.703" errors="0">
  <testcase name="verifyIsAutomobileVisible" time="0.073" classname="testScripts.HomePage.HomePage"/>
  <system-out/>
  <testcase name="verifyIsMotorCycleVisible" time="0.028" classname="testScripts.HomePage.HomePage"/>
  <system-out/>
  <testcase name="verifyIsCamperVisible" time="0.031" classname="testScripts.HomePage.HomePage"/>
  <system-out/>
  <testcase name="verifyIsTruckVisible" time="0.020" classname="testScripts.HomePage.HomePage"/>
  <system-out/>
  <testcase name="verifyIsAutobileClickable" time="4.125" classname="testScripts.HomePage.HomePage"/>
  <system-out/>
  <testcase name="verifyIsTruckClickable" time="1.426" classname="testScripts.HomePage.HomePage"/>
  <system-out/>
</testsuite> <!-- testScripts.HomePage.HomePage -->
