<?xml version="1.0" encoding="UTF-8"?>
<!-- Generated by org.testng.reporters.JUnitReportReporter -->
<testsuite skipped="0" hostname="DESKTOP-C6SMDGT" name="testNGAttributes.TestNGAttributes" tests="2" failures="0" timestamp="2020-08-08T12:11:42 IST" time="0.046" errors="0">
  <testcase name="login" time="0.039" classname="testNGAttributes.TestNGAttributes"/>
  <system-out/>
  <testcase name="logout" time="0.007" classname="testNGAttributes.TestNGAttributes"/>
  <system-out/>
</testsuite> <!-- testNGAttributes.TestNGAttributes -->
