<?xml version="1.0" encoding="UTF-8"?>
<!-- Generated by org.testng.reporters.JUnitReportReporter -->
<testsuite skipped="0" hostname="DESKTOP-C6SMDGT" name="testNGAttributes.TestDataProvider" tests="3" failures="0" timestamp="2020-08-08T12:43:38 IST" time="0.033" errors="0">
  <testcase name="login" time="0.022" classname="testNGAttributes.TestDataProvider"/>
  <system-out/>
  <testcase name="login" time="0.007" classname="testNGAttributes.TestDataProvider"/>
  <system-out/>
  <testcase name="login" time="0.004" classname="testNGAttributes.TestDataProvider"/>
  <system-out/>
</testsuite> <!-- testNGAttributes.TestDataProvider -->
