<?xml version="1.0" encoding="UTF-8"?>
<!-- Generated by org.testng.reporters.JUnitReportReporter -->
<testsuite skipped="0" hostname="DESKTOP-C6SMDGT" name="sampleId.Testing" tests="2" failures="0" timestamp="15 Aug 2020 05:44:20 GMT" time="12.431" errors="0">
  <testcase name="test2" time="12.402" classname="sampleId.Testing"/>
  <testcase name="test1" time="0.029" classname="sampleId.Testing"/>
</testsuite> <!-- sampleId.Testing -->
